2025-04-03 19:11:42,174 - app - ERROR - Invalid token error: Subject must be a string
2025-04-03 19:13:40,674 - app - ERROR - Invalid token error: Subject must be a string
2025-04-03 19:15:02,643 - app - ERROR - Invalid token error: Subject must be a string
2025-04-03 19:15:02,643 - app - ERROR - Invalid token (first 20 chars): eyJhbGciOiJIUzI1NiIs
2025-04-03 19:15:55,523 - app - ERROR - Invalid token error: Subject must be a string
2025-04-03 19:15:55,523 - app - ERROR - Invalid token (first 20 chars): eyJhbGciOiJIUzI1NiIs
2025-04-03 19:16:51,319 - app - ERROR - Invalid token error: Subject must be a string
2025-04-03 19:16:51,319 - app - ERROR - Invalid token (first 20 chars): eyJhbGciOiJIUzI1NiIs
2025-04-03 19:17:40,058 - app - ERROR - Invalid token error: Subject must be a string
2025-04-03 19:17:40,059 - app - ERROR - Invalid token (first 20 chars): eyJhbGciOiJIUzI1NiIs
2025-04-03 19:18:04,305 - app - ERROR - Invalid token error: Subject must be a string
2025-04-03 19:18:04,305 - app - ERROR - Invalid token (first 20 chars): eyJhbGciOiJIUzI1NiIs
2025-04-03 19:18:11,617 - app - ERROR - Invalid token error: Subject must be a string
2025-04-03 19:18:11,617 - app - ERROR - Invalid token (first 20 chars): eyJhbGciOiJIUzI1NiIs
2025-04-03 19:18:27,758 - app - ERROR - Invalid token error: Subject must be a string
2025-04-03 19:18:27,758 - app - ERROR - Invalid token (first 20 chars): eyJhbGciOiJIUzI1NiIs
2025-04-03 19:18:30,553 - app - INFO - Successfully created JWT token with identity: 1
2025-04-03 19:18:30,573 - app - INFO - JWT Payload: {'fresh': False, 'iat': 1743722310, 'jti': 'aee4c8fe-5f5e-46a1-8b2d-b636060d52b8', 'type': 'access', 'sub': '1', 'nbf': 1743722310, 'csrf': 'dc8f9ca6-c53e-4dce-8917-cf826a307f69', 'exp': 1743723210, 'user_id': '1', 'email': 'aambro754@gmail.com'}
2025-04-03 19:18:30,573 - app - INFO - JWT Identity: 1
2025-04-03 19:18:30,573 - app - INFO - 
=== Garden Beds Request Received ===
2025-04-03 19:18:30,573 - app - INFO - Authorization header: Bearer eyJhbGciOiJIUzI1NiIsInR5cCI6IkpXVCJ9.eyJmcmVzaCI6ZmFsc2UsImlhdCI6MTc0MzcyMjMxMCwianRpIjoiYWVlNGM4ZmUtNWY1ZS00NmExLThiMmQtYjYzNjA2MGQ1MmI4IiwidHlwZSI6ImFjY2VzcyIsInN1YiI6IjEiLCJuYmYiOjE3NDM3MjIzMTAsImNzcmYiOiJkYzhmOWNhNi1jNTNlLTRkY2UtODkxNy1jZjgyNmEzMDdmNjkiLCJleHAiOjE3NDM3MjMyMTAsInVzZXJfaWQiOiIxIiwiZW1haWwiOiJhYW1icm83NTRAZ21haWwuY29tIn0.FLDH4JFY-wKvF-9HHRb_uFS2FrRTB-Q_NGDenFeMcNE
2025-04-03 19:18:30,573 - app - INFO - Token (first 20 chars): eyJhbGciOiJIUzI1NiIs
2025-04-03 19:18:30,573 - app - INFO - Current user ID from token: 1
2025-04-03 19:18:30,573 - app - INFO - Type of user ID: <class 'str'>
2025-04-03 19:18:30,576 - app - INFO - === Garden Beds Response ===
2025-04-03 19:18:30,576 - app - INFO - Found 0 garden beds
2025-04-03 19:18:30,577 - app - INFO - === End of Request ===

2025-04-03 19:19:58,316 - app - INFO - JWT Payload: {'fresh': False, 'iat': 1743722310, 'jti': 'aee4c8fe-5f5e-46a1-8b2d-b636060d52b8', 'type': 'access', 'sub': '1', 'nbf': 1743722310, 'csrf': 'dc8f9ca6-c53e-4dce-8917-cf826a307f69', 'exp': 1743723210, 'user_id': '1', 'email': 'aambro754@gmail.com'}
2025-04-03 19:19:58,316 - app - INFO - JWT Identity: 1
2025-04-03 19:19:58,316 - app - INFO - 
=== Garden Beds Request Received ===
2025-04-03 19:19:58,316 - app - INFO - Authorization header: Bearer eyJhbGciOiJIUzI1NiIsInR5cCI6IkpXVCJ9.eyJmcmVzaCI6ZmFsc2UsImlhdCI6MTc0MzcyMjMxMCwianRpIjoiYWVlNGM4ZmUtNWY1ZS00NmExLThiMmQtYjYzNjA2MGQ1MmI4IiwidHlwZSI6ImFjY2VzcyIsInN1YiI6IjEiLCJuYmYiOjE3NDM3MjIzMTAsImNzcmYiOiJkYzhmOWNhNi1jNTNlLTRkY2UtODkxNy1jZjgyNmEzMDdmNjkiLCJleHAiOjE3NDM3MjMyMTAsInVzZXJfaWQiOiIxIiwiZW1haWwiOiJhYW1icm83NTRAZ21haWwuY29tIn0.FLDH4JFY-wKvF-9HHRb_uFS2FrRTB-Q_NGDenFeMcNE
2025-04-03 19:19:58,316 - app - INFO - Token (first 20 chars): eyJhbGciOiJIUzI1NiIs
2025-04-03 19:19:58,316 - app - INFO - Current user ID from token: 1
2025-04-03 19:19:58,316 - app - INFO - Type of user ID: <class 'str'>
2025-04-03 19:19:58,325 - app - INFO - === Garden Beds Response ===
2025-04-03 19:19:58,325 - app - INFO - Found 0 garden beds
2025-04-03 19:19:58,325 - app - INFO - === End of Request ===

2025-04-03 19:20:11,312 - app - INFO - JWT Payload: {'fresh': False, 'iat': 1743722310, 'jti': 'aee4c8fe-5f5e-46a1-8b2d-b636060d52b8', 'type': 'access', 'sub': '1', 'nbf': 1743722310, 'csrf': 'dc8f9ca6-c53e-4dce-8917-cf826a307f69', 'exp': 1743723210, 'user_id': '1', 'email': 'aambro754@gmail.com'}
2025-04-03 19:20:11,312 - app - INFO - JWT Identity: 1
2025-04-03 19:20:11,312 - app - INFO - 
=== Garden Beds Request Received ===
2025-04-03 19:20:11,312 - app - INFO - Authorization header: Bearer eyJhbGciOiJIUzI1NiIsInR5cCI6IkpXVCJ9.eyJmcmVzaCI6ZmFsc2UsImlhdCI6MTc0MzcyMjMxMCwianRpIjoiYWVlNGM4ZmUtNWY1ZS00NmExLThiMmQtYjYzNjA2MGQ1MmI4IiwidHlwZSI6ImFjY2VzcyIsInN1YiI6IjEiLCJuYmYiOjE3NDM3MjIzMTAsImNzcmYiOiJkYzhmOWNhNi1jNTNlLTRkY2UtODkxNy1jZjgyNmEzMDdmNjkiLCJleHAiOjE3NDM3MjMyMTAsInVzZXJfaWQiOiIxIiwiZW1haWwiOiJhYW1icm83NTRAZ21haWwuY29tIn0.FLDH4JFY-wKvF-9HHRb_uFS2FrRTB-Q_NGDenFeMcNE
2025-04-03 19:20:11,312 - app - INFO - Token (first 20 chars): eyJhbGciOiJIUzI1NiIs
2025-04-03 19:20:11,312 - app - INFO - Current user ID from token: 1
2025-04-03 19:20:11,312 - app - INFO - Type of user ID: <class 'str'>
2025-04-03 19:20:11,313 - app - INFO - === Garden Beds Response ===
2025-04-03 19:20:11,313 - app - INFO - Found 0 garden beds
2025-04-03 19:20:11,313 - app - INFO - === End of Request ===

2025-04-03 19:20:36,691 - app - INFO - JWT Payload: {'fresh': False, 'iat': 1743722310, 'jti': 'aee4c8fe-5f5e-46a1-8b2d-b636060d52b8', 'type': 'access', 'sub': '1', 'nbf': 1743722310, 'csrf': 'dc8f9ca6-c53e-4dce-8917-cf826a307f69', 'exp': 1743723210, 'user_id': '1', 'email': 'aambro754@gmail.com'}
2025-04-03 19:20:36,691 - app - INFO - JWT Identity: 1
2025-04-03 19:20:36,691 - app - ERROR - Error creating garden bed: 'notes' is an invalid keyword argument for GardenBed
2025-04-03 19:22:35,580 - app - INFO - JWT Payload: {'fresh': False, 'iat': 1743722310, 'jti': 'aee4c8fe-5f5e-46a1-8b2d-b636060d52b8', 'type': 'access', 'sub': '1', 'nbf': 1743722310, 'csrf': 'dc8f9ca6-c53e-4dce-8917-cf826a307f69', 'exp': 1743723210, 'user_id': '1', 'email': 'aambro754@gmail.com'}
2025-04-03 19:22:35,580 - app - INFO - JWT Identity: 1
2025-04-03 19:22:35,580 - app - INFO - 
=== Garden Beds Request Received ===
2025-04-03 19:22:35,580 - app - INFO - Authorization header: Bearer eyJhbGciOiJIUzI1NiIsInR5cCI6IkpXVCJ9.eyJmcmVzaCI6ZmFsc2UsImlhdCI6MTc0MzcyMjMxMCwianRpIjoiYWVlNGM4ZmUtNWY1ZS00NmExLThiMmQtYjYzNjA2MGQ1MmI4IiwidHlwZSI6ImFjY2VzcyIsInN1YiI6IjEiLCJuYmYiOjE3NDM3MjIzMTAsImNzcmYiOiJkYzhmOWNhNi1jNTNlLTRkY2UtODkxNy1jZjgyNmEzMDdmNjkiLCJleHAiOjE3NDM3MjMyMTAsInVzZXJfaWQiOiIxIiwiZW1haWwiOiJhYW1icm83NTRAZ21haWwuY29tIn0.FLDH4JFY-wKvF-9HHRb_uFS2FrRTB-Q_NGDenFeMcNE
2025-04-03 19:22:35,580 - app - INFO - Token (first 20 chars): eyJhbGciOiJIUzI1NiIs
2025-04-03 19:22:35,580 - app - INFO - Current user ID from token: 1
2025-04-03 19:22:35,580 - app - INFO - Type of user ID: <class 'str'>
2025-04-03 19:22:35,587 - app - ERROR - Error in get_garden_beds: (sqlite3.OperationalError) no such column: garden_bed.notes
[SQL: SELECT garden_bed.id AS garden_bed_id, garden_bed.user_id AS garden_bed_user_id, garden_bed.name AS garden_bed_name, garden_bed.length AS garden_bed_length, garden_bed.width AS garden_bed_width, garden_bed.unit_measure AS garden_bed_unit_measure, garden_bed.notes AS garden_bed_notes, garden_bed.creation_date AS garden_bed_creation_date, garden_bed.last_modified AS garden_bed_last_modified 
FROM garden_bed 
WHERE garden_bed.user_id = ?]
[parameters: ('1',)]
(Background on this error at: https://sqlalche.me/e/20/e3q8)
2025-04-04 08:32:05,162 - app - INFO - No users found. Creating default test user: test@example.com
2025-04-04 08:32:05,233 - app - INFO - Default test user created.
2025-04-04 08:32:05,715 - app - INFO - No users found. Creating default test user: test@example.com
2025-04-04 08:32:05,786 - app - INFO - Default test user created.
2025-04-04 08:32:18,623 - app - WARNING - Expired token received
2025-04-04 08:35:31,675 - app - INFO - No users found. Creating default test user: test@example.com
2025-04-04 08:35:31,744 - app - INFO - Default test user created.
2025-04-04 08:36:35,030 - app - INFO - Successfully created JWT token with identity: 2
2025-04-04 08:36:35,051 - app - DEBUG - Checking if token is revoked for identity: 2
2025-04-04 08:36:35,051 - app - INFO - 
=== Garden Beds Request Received ===
2025-04-04 08:36:35,051 - app - INFO - Authorization header: Bearer eyJhbGciOiJIUzI1NiIsInR5cCI6IkpXVCJ9.eyJmcmVzaCI6ZmFsc2UsImlhdCI6MTc0Mzc3MDE5NSwianRpIjoiMmY0N2ViNjItZWQ1Yi00NDA3LWE5Y2ItYmU2NTEyMGYzYTlkIiwidHlwZSI6ImFjY2VzcyIsInN1YiI6IjIiLCJuYmYiOjE3NDM3NzAxOTUsImNzcmYiOiI2ZjgxOWJjZS1jZmQ5LTQ3M2EtODc0NS1iYmVkM2JjMjliYmQiLCJleHAiOjE3NDM3NzEwOTUsInVzZXJfaWQiOiIyIiwiZW1haWwiOiJ0ZXN0LXVzZXJAdGVzdC5jb20ifQ.lgCt6fFodCTKTsX6nQk6LffA6ajWljhz6VzJZhbMGU4
2025-04-04 08:36:35,051 - app - INFO - Token (first 20 chars): eyJhbGciOiJIUzI1NiIs
2025-04-04 08:36:35,051 - app - INFO - Current user ID from token: 2
2025-04-04 08:36:35,051 - app - INFO - Type of user ID: <class 'str'>
2025-04-04 08:36:35,054 - app - INFO - === Garden Beds Response ===
2025-04-04 08:36:35,054 - app - INFO - Found 0 garden beds
2025-04-04 08:36:35,054 - app - INFO - === End of Request ===

2025-04-04 08:36:45,869 - app - DEBUG - Checking if token is revoked for identity: 2
2025-04-04 08:36:45,874 - app - INFO - Created new garden bed for user 2
2025-04-04 08:38:49,623 - app - INFO - No users found. Creating default test user: test@example.com
2025-04-04 08:38:49,694 - app - INFO - Default test user created.
2025-04-04 08:39:49,251 - app - DEBUG - Checking if token is revoked for identity: 2
2025-04-04 08:39:49,251 - app - INFO - 
=== Garden Beds Request Received ===
2025-04-04 08:39:49,251 - app - INFO - Authorization header: Bearer eyJhbGciOiJIUzI1NiIsInR5cCI6IkpXVCJ9.eyJmcmVzaCI6ZmFsc2UsImlhdCI6MTc0Mzc3MDE5NSwianRpIjoiMmY0N2ViNjItZWQ1Yi00NDA3LWE5Y2ItYmU2NTEyMGYzYTlkIiwidHlwZSI6ImFjY2VzcyIsInN1YiI6IjIiLCJuYmYiOjE3NDM3NzAxOTUsImNzcmYiOiI2ZjgxOWJjZS1jZmQ5LTQ3M2EtODc0NS1iYmVkM2JjMjliYmQiLCJleHAiOjE3NDM3NzEwOTUsInVzZXJfaWQiOiIyIiwiZW1haWwiOiJ0ZXN0LXVzZXJAdGVzdC5jb20ifQ.lgCt6fFodCTKTsX6nQk6LffA6ajWljhz6VzJZhbMGU4
2025-04-04 08:39:49,251 - app - INFO - Token (first 20 chars): eyJhbGciOiJIUzI1NiIs
2025-04-04 08:39:49,251 - app - INFO - Current user ID from token: 2
2025-04-04 08:39:49,251 - app - INFO - Type of user ID: <class 'str'>
2025-04-04 08:39:49,253 - app - WARNING - User not found for ID: 2
2025-04-04 08:40:00,730 - app - DEBUG - Checking if token is revoked for identity: 2
2025-04-04 08:40:00,730 - app - INFO - 
=== Garden Beds Request Received ===
2025-04-04 08:40:00,730 - app - INFO - Authorization header: Bearer eyJhbGciOiJIUzI1NiIsInR5cCI6IkpXVCJ9.eyJmcmVzaCI6ZmFsc2UsImlhdCI6MTc0Mzc3MDE5NSwianRpIjoiMmY0N2ViNjItZWQ1Yi00NDA3LWE5Y2ItYmU2NTEyMGYzYTlkIiwidHlwZSI6ImFjY2VzcyIsInN1YiI6IjIiLCJuYmYiOjE3NDM3NzAxOTUsImNzcmYiOiI2ZjgxOWJjZS1jZmQ5LTQ3M2EtODc0NS1iYmVkM2JjMjliYmQiLCJleHAiOjE3NDM3NzEwOTUsInVzZXJfaWQiOiIyIiwiZW1haWwiOiJ0ZXN0LXVzZXJAdGVzdC5jb20ifQ.lgCt6fFodCTKTsX6nQk6LffA6ajWljhz6VzJZhbMGU4
2025-04-04 08:40:00,730 - app - INFO - Token (first 20 chars): eyJhbGciOiJIUzI1NiIs
2025-04-04 08:40:00,730 - app - INFO - Current user ID from token: 2
2025-04-04 08:40:00,730 - app - INFO - Type of user ID: <class 'str'>
2025-04-04 08:40:00,731 - app - WARNING - User not found for ID: 2
2025-04-04 08:40:08,940 - app - DEBUG - Checking if token is revoked for identity: 2
2025-04-04 08:40:08,948 - app - INFO - Created new garden bed for user 2
2025-04-04 08:40:11,087 - app - DEBUG - Checking if token is revoked for identity: 2
2025-04-04 08:40:11,087 - app - INFO - 
=== Garden Beds Request Received ===
2025-04-04 08:40:11,088 - app - INFO - Authorization header: Bearer eyJhbGciOiJIUzI1NiIsInR5cCI6IkpXVCJ9.eyJmcmVzaCI6ZmFsc2UsImlhdCI6MTc0Mzc3MDE5NSwianRpIjoiMmY0N2ViNjItZWQ1Yi00NDA3LWE5Y2ItYmU2NTEyMGYzYTlkIiwidHlwZSI6ImFjY2VzcyIsInN1YiI6IjIiLCJuYmYiOjE3NDM3NzAxOTUsImNzcmYiOiI2ZjgxOWJjZS1jZmQ5LTQ3M2EtODc0NS1iYmVkM2JjMjliYmQiLCJleHAiOjE3NDM3NzEwOTUsInVzZXJfaWQiOiIyIiwiZW1haWwiOiJ0ZXN0LXVzZXJAdGVzdC5jb20ifQ.lgCt6fFodCTKTsX6nQk6LffA6ajWljhz6VzJZhbMGU4
2025-04-04 08:40:11,088 - app - INFO - Token (first 20 chars): eyJhbGciOiJIUzI1NiIs
2025-04-04 08:40:11,088 - app - INFO - Current user ID from token: 2
2025-04-04 08:40:11,088 - app - INFO - Type of user ID: <class 'str'>
2025-04-04 08:40:11,089 - app - WARNING - User not found for ID: 2
2025-04-04 08:40:37,644 - app - INFO - Successfully created JWT token with identity: 2
2025-04-04 08:40:37,665 - app - DEBUG - Checking if token is revoked for identity: 2
2025-04-04 08:40:37,665 - app - INFO - 
=== Garden Beds Request Received ===
2025-04-04 08:40:37,665 - app - INFO - Authorization header: Bearer eyJhbGciOiJIUzI1NiIsInR5cCI6IkpXVCJ9.eyJmcmVzaCI6ZmFsc2UsImlhdCI6MTc0Mzc3MDQzNywianRpIjoiNzM0NGNlM2UtZTI0Ni00NGUzLWE3MmYtMjJhN2U0ZGJhMWU3IiwidHlwZSI6ImFjY2VzcyIsInN1YiI6IjIiLCJuYmYiOjE3NDM3NzA0MzcsImNzcmYiOiI3YjkwYmYyZS1jNGI0LTQ5MTEtOGY0OS1hMzllMzlmMDQyZWMiLCJleHAiOjE3NDM3NzEzMzcsInVzZXJfaWQiOiIyIiwiZW1haWwiOiJ0ZXN0LXVzZXJAdGVzdC5jb20ifQ.9OTM8wYuY3dlwLjTHujjcBSrlCyMULbf31gbR2vj7oM
2025-04-04 08:40:37,665 - app - INFO - Token (first 20 chars): eyJhbGciOiJIUzI1NiIs
2025-04-04 08:40:37,665 - app - INFO - Current user ID from token: 2
2025-04-04 08:40:37,665 - app - INFO - Type of user ID: <class 'str'>
2025-04-04 08:40:37,667 - app - INFO - === Garden Beds Response ===
2025-04-04 08:40:37,667 - app - INFO - Found 1 garden beds
2025-04-04 08:40:37,667 - app - INFO - === End of Request ===

2025-04-04 11:55:36,433 - app - WARNING - Expired token received
2025-04-04 11:58:10,178 - app - INFO - Successfully created JWT token with identity: 2
2025-04-04 11:58:10,199 - app - DEBUG - Checking if token is revoked for identity: 2
2025-04-04 11:58:10,199 - app - INFO - 
=== Garden Beds Request Received ===
2025-04-04 11:58:10,199 - app - INFO - Authorization header: Bearer eyJhbGciOiJIUzI1NiIsInR5cCI6IkpXVCJ9.eyJmcmVzaCI6ZmFsc2UsImlhdCI6MTc0Mzc4MjI5MCwianRpIjoiMjM5NDc2YWQtMjViOC00YmZlLTg1MTItMWEzNDM5YzY4NWYxIiwidHlwZSI6ImFjY2VzcyIsInN1YiI6IjIiLCJuYmYiOjE3NDM3ODIyOTAsImNzcmYiOiI4MDAyMjBkOS00M2NkLTRhZWQtYTVjYS1hMWY4YzkzNjA1ZTgiLCJleHAiOjE3NDM3ODMxOTAsInVzZXJfaWQiOiIyIiwiZW1haWwiOiJ0ZXN0LXVzZXJAdGVzdC5jb20ifQ.B91Z7NTBKV9GphwYYrXZPJvUqRJ0qjCbfmnP2vbt4KE
2025-04-04 11:58:10,199 - app - INFO - Token (first 20 chars): eyJhbGciOiJIUzI1NiIs
2025-04-04 11:58:10,200 - app - INFO - Current user ID from token: 2
2025-04-04 11:58:10,200 - app - INFO - Type of user ID: <class 'str'>
2025-04-04 11:58:10,202 - app - INFO - === Garden Beds Response ===
2025-04-04 11:58:10,202 - app - INFO - Found 1 garden beds
2025-04-04 11:58:10,203 - app - INFO - === End of Request ===

2025-04-04 11:58:21,103 - app - DEBUG - Checking if token is revoked for identity: 2
2025-04-04 11:58:21,110 - app - INFO - Created new garden bed for user 2
2025-04-04 12:00:09,613 - app - DEBUG - Checking if token is revoked for identity: 2
2025-04-04 12:00:09,613 - app - INFO - 
=== Garden Beds Request Received ===
2025-04-04 12:00:09,614 - app - INFO - Authorization header: Bearer eyJhbGciOiJIUzI1NiIsInR5cCI6IkpXVCJ9.eyJmcmVzaCI6ZmFsc2UsImlhdCI6MTc0Mzc4MjI5MCwianRpIjoiMjM5NDc2YWQtMjViOC00YmZlLTg1MTItMWEzNDM5YzY4NWYxIiwidHlwZSI6ImFjY2VzcyIsInN1YiI6IjIiLCJuYmYiOjE3NDM3ODIyOTAsImNzcmYiOiI4MDAyMjBkOS00M2NkLTRhZWQtYTVjYS1hMWY4YzkzNjA1ZTgiLCJleHAiOjE3NDM3ODMxOTAsInVzZXJfaWQiOiIyIiwiZW1haWwiOiJ0ZXN0LXVzZXJAdGVzdC5jb20ifQ.B91Z7NTBKV9GphwYYrXZPJvUqRJ0qjCbfmnP2vbt4KE
2025-04-04 12:00:09,614 - app - INFO - Token (first 20 chars): eyJhbGciOiJIUzI1NiIs
2025-04-04 12:00:09,614 - app - INFO - Current user ID from token: 2
2025-04-04 12:00:09,614 - app - INFO - Type of user ID: <class 'str'>
2025-04-04 12:00:09,615 - app - INFO - === Garden Beds Response ===
2025-04-04 12:00:09,615 - app - INFO - Found 2 garden beds
2025-04-04 12:00:09,615 - app - INFO - === End of Request ===

2025-04-04 12:03:09,376 - app - DEBUG - Checking if token is revoked for identity: 2
2025-04-04 12:03:09,376 - app - INFO - 
=== Garden Beds Request Received ===
2025-04-04 12:03:09,377 - app - INFO - Authorization header: Bearer eyJhbGciOiJIUzI1NiIsInR5cCI6IkpXVCJ9.eyJmcmVzaCI6ZmFsc2UsImlhdCI6MTc0Mzc4MjI5MCwianRpIjoiMjM5NDc2YWQtMjViOC00YmZlLTg1MTItMWEzNDM5YzY4NWYxIiwidHlwZSI6ImFjY2VzcyIsInN1YiI6IjIiLCJuYmYiOjE3NDM3ODIyOTAsImNzcmYiOiI4MDAyMjBkOS00M2NkLTRhZWQtYTVjYS1hMWY4YzkzNjA1ZTgiLCJleHAiOjE3NDM3ODMxOTAsInVzZXJfaWQiOiIyIiwiZW1haWwiOiJ0ZXN0LXVzZXJAdGVzdC5jb20ifQ.B91Z7NTBKV9GphwYYrXZPJvUqRJ0qjCbfmnP2vbt4KE
2025-04-04 12:03:09,377 - app - INFO - Token (first 20 chars): eyJhbGciOiJIUzI1NiIs
2025-04-04 12:03:09,377 - app - INFO - Current user ID from token: 2
2025-04-04 12:03:09,377 - app - INFO - Type of user ID: <class 'str'>
2025-04-04 12:03:09,379 - app - INFO - === Garden Beds Response ===
2025-04-04 12:03:09,379 - app - INFO - Found 2 garden beds
2025-04-04 12:03:09,379 - app - INFO - === End of Request ===

2025-04-04 12:04:30,105 - app - DEBUG - Checking if token is revoked for identity: 2
2025-04-04 12:04:30,105 - app - INFO - User 2 attempting to update garden bed ID 1
2025-04-04 12:04:30,112 - app - WARNING - User 2 forbidden from updating bed ID 1 owned by 2
2025-04-04 12:07:06,289 - app - DEBUG - Checking if token is revoked for identity: 2
2025-04-04 12:07:06,289 - app - INFO - 
=== Garden Beds Request Received ===
2025-04-04 12:07:06,289 - app - INFO - Authorization header: Bearer eyJhbGciOiJIUzI1NiIsInR5cCI6IkpXVCJ9.eyJmcmVzaCI6ZmFsc2UsImlhdCI6MTc0Mzc4MjI5MCwianRpIjoiMjM5NDc2YWQtMjViOC00YmZlLTg1MTItMWEzNDM5YzY4NWYxIiwidHlwZSI6ImFjY2VzcyIsInN1YiI6IjIiLCJuYmYiOjE3NDM3ODIyOTAsImNzcmYiOiI4MDAyMjBkOS00M2NkLTRhZWQtYTVjYS1hMWY4YzkzNjA1ZTgiLCJleHAiOjE3NDM3ODMxOTAsInVzZXJfaWQiOiIyIiwiZW1haWwiOiJ0ZXN0LXVzZXJAdGVzdC5jb20ifQ.B91Z7NTBKV9GphwYYrXZPJvUqRJ0qjCbfmnP2vbt4KE
2025-04-04 12:07:06,289 - app - INFO - Token (first 20 chars): eyJhbGciOiJIUzI1NiIs
2025-04-04 12:07:06,289 - app - INFO - Current user ID from token: 2
2025-04-04 12:07:06,289 - app - INFO - Type of user ID: <class 'str'>
2025-04-04 12:07:06,297 - app - INFO - === Garden Beds Response ===
2025-04-04 12:07:06,297 - app - INFO - Found 2 garden beds
2025-04-04 12:07:06,297 - app - INFO - === End of Request ===

2025-04-04 12:07:55,276 - app - DEBUG - Checking if token is revoked for identity: 2
2025-04-04 12:07:55,276 - app - INFO - 
=== Garden Beds Request Received ===
2025-04-04 12:07:55,276 - app - INFO - Authorization header: Bearer eyJhbGciOiJIUzI1NiIsInR5cCI6IkpXVCJ9.eyJmcmVzaCI6ZmFsc2UsImlhdCI6MTc0Mzc4MjI5MCwianRpIjoiMjM5NDc2YWQtMjViOC00YmZlLTg1MTItMWEzNDM5YzY4NWYxIiwidHlwZSI6ImFjY2VzcyIsInN1YiI6IjIiLCJuYmYiOjE3NDM3ODIyOTAsImNzcmYiOiI4MDAyMjBkOS00M2NkLTRhZWQtYTVjYS1hMWY4YzkzNjA1ZTgiLCJleHAiOjE3NDM3ODMxOTAsInVzZXJfaWQiOiIyIiwiZW1haWwiOiJ0ZXN0LXVzZXJAdGVzdC5jb20ifQ.B91Z7NTBKV9GphwYYrXZPJvUqRJ0qjCbfmnP2vbt4KE
2025-04-04 12:07:55,276 - app - INFO - Token (first 20 chars): eyJhbGciOiJIUzI1NiIs
2025-04-04 12:07:55,276 - app - INFO - Current user ID from token: 2
2025-04-04 12:07:55,276 - app - INFO - Type of user ID: <class 'str'>
2025-04-04 12:07:55,277 - app - INFO - === Garden Beds Response ===
2025-04-04 12:07:55,277 - app - INFO - Found 2 garden beds
2025-04-04 12:07:55,277 - app - INFO - === End of Request ===

2025-04-04 12:08:00,456 - app - DEBUG - Checking if token is revoked for identity: 2
2025-04-04 12:08:00,456 - app - INFO - User 2 attempting to update garden bed ID 1
2025-04-04 12:08:00,457 - app - DEBUG - Checking ownership for bed ID 1: Bed owner ID = 2 (type: <class 'int'>), Current user ID = 2 (type: <class 'str'>)
2025-04-04 12:08:00,458 - app - WARNING - User 2 forbidden from updating bed ID 1 owned by 2
2025-04-04 12:09:16,414 - app - DEBUG - Checking if token is revoked for identity: 2
2025-04-04 12:09:16,414 - app - INFO - User 2 attempting to update garden bed ID 1
2025-04-04 12:09:16,421 - app - DEBUG - Checking ownership for bed ID 1: Bed owner ID = 2 (type: <class 'int'>), Current user ID = 2 (type: <class 'str'>)
2025-04-04 12:09:16,426 - app - INFO - Garden bed ID 1 updated successfully by user 2
2025-04-04 12:09:23,812 - app - DEBUG - Checking if token is revoked for identity: 2
2025-04-04 12:09:23,812 - app - INFO - User 2 attempting to update garden bed ID 1
2025-04-04 12:09:23,813 - app - DEBUG - Checking ownership for bed ID 1: Bed owner ID = 2 (type: <class 'int'>), Current user ID = 2 (type: <class 'str'>)
2025-04-04 12:09:23,819 - app - INFO - Garden bed ID 1 updated successfully by user 2
2025-04-04 12:11:51,266 - app - DEBUG - Checking if token is revoked for identity: 2
2025-04-04 12:11:51,266 - app - INFO - 
=== Garden Beds Request Received ===
2025-04-04 12:11:51,266 - app - INFO - Authorization header: Bearer eyJhbGciOiJIUzI1NiIsInR5cCI6IkpXVCJ9.eyJmcmVzaCI6ZmFsc2UsImlhdCI6MTc0Mzc4MjI5MCwianRpIjoiMjM5NDc2YWQtMjViOC00YmZlLTg1MTItMWEzNDM5YzY4NWYxIiwidHlwZSI6ImFjY2VzcyIsInN1YiI6IjIiLCJuYmYiOjE3NDM3ODIyOTAsImNzcmYiOiI4MDAyMjBkOS00M2NkLTRhZWQtYTVjYS1hMWY4YzkzNjA1ZTgiLCJleHAiOjE3NDM3ODMxOTAsInVzZXJfaWQiOiIyIiwiZW1haWwiOiJ0ZXN0LXVzZXJAdGVzdC5jb20ifQ.B91Z7NTBKV9GphwYYrXZPJvUqRJ0qjCbfmnP2vbt4KE
2025-04-04 12:11:51,266 - app - INFO - Token (first 20 chars): eyJhbGciOiJIUzI1NiIs
2025-04-04 12:11:51,266 - app - INFO - Current user ID from token: 2
2025-04-04 12:11:51,266 - app - INFO - Type of user ID: <class 'str'>
2025-04-04 12:11:51,268 - app - INFO - === Garden Beds Response ===
2025-04-04 12:11:51,268 - app - INFO - Found 2 garden beds
2025-04-04 12:11:51,268 - app - INFO - === End of Request ===

2025-04-04 12:12:15,342 - app - DEBUG - Checking if token is revoked for identity: 2
2025-04-04 12:12:15,342 - app - INFO - 
=== Garden Beds Request Received ===
2025-04-04 12:12:15,342 - app - INFO - Authorization header: Bearer eyJhbGciOiJIUzI1NiIsInR5cCI6IkpXVCJ9.eyJmcmVzaCI6ZmFsc2UsImlhdCI6MTc0Mzc4MjI5MCwianRpIjoiMjM5NDc2YWQtMjViOC00YmZlLTg1MTItMWEzNDM5YzY4NWYxIiwidHlwZSI6ImFjY2VzcyIsInN1YiI6IjIiLCJuYmYiOjE3NDM3ODIyOTAsImNzcmYiOiI4MDAyMjBkOS00M2NkLTRhZWQtYTVjYS1hMWY4YzkzNjA1ZTgiLCJleHAiOjE3NDM3ODMxOTAsInVzZXJfaWQiOiIyIiwiZW1haWwiOiJ0ZXN0LXVzZXJAdGVzdC5jb20ifQ.B91Z7NTBKV9GphwYYrXZPJvUqRJ0qjCbfmnP2vbt4KE
2025-04-04 12:12:15,342 - app - INFO - Token (first 20 chars): eyJhbGciOiJIUzI1NiIs
2025-04-04 12:12:15,342 - app - INFO - Current user ID from token: 2
2025-04-04 12:12:15,343 - app - INFO - Type of user ID: <class 'str'>
2025-04-04 12:12:15,343 - app - INFO - === Garden Beds Response ===
2025-04-04 12:12:15,344 - app - INFO - Found 2 garden beds
2025-04-04 12:12:15,344 - app - INFO - === End of Request ===

2025-04-04 12:12:22,475 - app - DEBUG - Checking if token is revoked for identity: 2
2025-04-04 12:12:22,475 - app - INFO - User 2 attempting to update garden bed ID 1
2025-04-04 12:12:22,475 - app - DEBUG - Checking ownership for bed ID 1: Bed owner ID = 2 (type: <class 'int'>), Current user ID = 2 (type: <class 'str'>)
2025-04-04 12:12:22,479 - app - INFO - Garden bed ID 1 updated successfully by user 2
2025-04-04 12:13:50,261 - app - WARNING - Expired token received
2025-04-04 14:35:32,106 - app - INFO - Successfully created JWT token with identity: 2
2025-04-04 14:35:32,128 - app - DEBUG - Checking if token is revoked for identity: 2
2025-04-04 14:35:32,129 - app - INFO - 
=== Garden Beds Request Received ===
2025-04-04 14:35:32,129 - app - INFO - Authorization header: Bearer eyJhbGciOiJIUzI1NiIsInR5cCI6IkpXVCJ9.eyJmcmVzaCI6ZmFsc2UsImlhdCI6MTc0Mzc5MTczMiwianRpIjoiNmMxNDk4NzQtNTM5NC00MWUyLWE4NWQtYjA1ZTQ3NDNiNjBjIiwidHlwZSI6ImFjY2VzcyIsInN1YiI6IjIiLCJuYmYiOjE3NDM3OTE3MzIsImNzcmYiOiJhZjZkY2U2OS04YjRhLTQ2YWUtOGMzMC1lYWU5YjFmZmMyYTgiLCJleHAiOjE3NDM3OTI2MzIsInVzZXJfaWQiOiIyIiwiZW1haWwiOiJ0ZXN0LXVzZXJAdGVzdC5jb20ifQ.Pr-x1QGLFmENJxvTD-mwOr4Di8KVpF5eQ3uaz0_pdb8
2025-04-04 14:35:32,129 - app - INFO - Token (first 20 chars): eyJhbGciOiJIUzI1NiIs
2025-04-04 14:35:32,130 - app - INFO - Current user ID from token: 2
2025-04-04 14:35:32,130 - app - INFO - Type of user ID: <class 'str'>
2025-04-04 14:35:32,131 - app - INFO - === Garden Beds Response ===
2025-04-04 14:35:32,131 - app - INFO - Found 2 garden beds
2025-04-04 14:35:32,131 - app - INFO - === End of Request ===

2025-04-04 14:35:37,606 - app - DEBUG - Checking if token is revoked for identity: 2
2025-04-04 14:35:37,607 - app - INFO - User 2 attempting to update garden bed ID 2
2025-04-04 14:35:37,608 - app - DEBUG - Checking ownership for bed ID 2: Bed owner ID = 2 (type: <class 'int'>), Current user ID = 2 (type: <class 'str'>)
2025-04-04 14:35:37,615 - app - INFO - Garden bed ID 2 updated successfully by user 2
2025-04-04 14:37:41,262 - app - DEBUG - Checking if token is revoked for identity: 2
2025-04-04 14:37:41,263 - app - INFO - 
=== Garden Beds Request Received ===
2025-04-04 14:37:41,263 - app - INFO - Authorization header: Bearer eyJhbGciOiJIUzI1NiIsInR5cCI6IkpXVCJ9.eyJmcmVzaCI6ZmFsc2UsImlhdCI6MTc0Mzc5MTczMiwianRpIjoiNmMxNDk4NzQtNTM5NC00MWUyLWE4NWQtYjA1ZTQ3NDNiNjBjIiwidHlwZSI6ImFjY2VzcyIsInN1YiI6IjIiLCJuYmYiOjE3NDM3OTE3MzIsImNzcmYiOiJhZjZkY2U2OS04YjRhLTQ2YWUtOGMzMC1lYWU5YjFmZmMyYTgiLCJleHAiOjE3NDM3OTI2MzIsInVzZXJfaWQiOiIyIiwiZW1haWwiOiJ0ZXN0LXVzZXJAdGVzdC5jb20ifQ.Pr-x1QGLFmENJxvTD-mwOr4Di8KVpF5eQ3uaz0_pdb8
2025-04-04 14:37:41,263 - app - INFO - Token (first 20 chars): eyJhbGciOiJIUzI1NiIs
2025-04-04 14:37:41,263 - app - INFO - Current user ID from token: 2
2025-04-04 14:37:41,263 - app - INFO - Type of user ID: <class 'str'>
2025-04-04 14:37:41,264 - app - INFO - === Garden Beds Response ===
2025-04-04 14:37:41,264 - app - INFO - Found 2 garden beds
2025-04-04 14:37:41,264 - app - INFO - === End of Request ===

2025-04-04 14:38:07,362 - app - DEBUG - Checking if token is revoked for identity: 2
2025-04-04 14:38:07,362 - app - INFO - 
=== Garden Beds Request Received ===
2025-04-04 14:38:07,362 - app - INFO - Authorization header: Bearer eyJhbGciOiJIUzI1NiIsInR5cCI6IkpXVCJ9.eyJmcmVzaCI6ZmFsc2UsImlhdCI6MTc0Mzc5MTczMiwianRpIjoiNmMxNDk4NzQtNTM5NC00MWUyLWE4NWQtYjA1ZTQ3NDNiNjBjIiwidHlwZSI6ImFjY2VzcyIsInN1YiI6IjIiLCJuYmYiOjE3NDM3OTE3MzIsImNzcmYiOiJhZjZkY2U2OS04YjRhLTQ2YWUtOGMzMC1lYWU5YjFmZmMyYTgiLCJleHAiOjE3NDM3OTI2MzIsInVzZXJfaWQiOiIyIiwiZW1haWwiOiJ0ZXN0LXVzZXJAdGVzdC5jb20ifQ.Pr-x1QGLFmENJxvTD-mwOr4Di8KVpF5eQ3uaz0_pdb8
2025-04-04 14:38:07,362 - app - INFO - Token (first 20 chars): eyJhbGciOiJIUzI1NiIs
2025-04-04 14:38:07,362 - app - INFO - Current user ID from token: 2
2025-04-04 14:38:07,362 - app - INFO - Type of user ID: <class 'str'>
2025-04-04 14:38:07,364 - app - INFO - === Garden Beds Response ===
2025-04-04 14:38:07,364 - app - INFO - Found 2 garden beds
2025-04-04 14:38:07,364 - app - INFO - === End of Request ===

2025-04-04 14:38:44,258 - app - DEBUG - Checking if token is revoked for identity: 2
2025-04-04 14:38:44,258 - app - INFO - 
=== Garden Beds Request Received ===
2025-04-04 14:38:44,258 - app - INFO - Authorization header: Bearer eyJhbGciOiJIUzI1NiIsInR5cCI6IkpXVCJ9.eyJmcmVzaCI6ZmFsc2UsImlhdCI6MTc0Mzc5MTczMiwianRpIjoiNmMxNDk4NzQtNTM5NC00MWUyLWE4NWQtYjA1ZTQ3NDNiNjBjIiwidHlwZSI6ImFjY2VzcyIsInN1YiI6IjIiLCJuYmYiOjE3NDM3OTE3MzIsImNzcmYiOiJhZjZkY2U2OS04YjRhLTQ2YWUtOGMzMC1lYWU5YjFmZmMyYTgiLCJleHAiOjE3NDM3OTI2MzIsInVzZXJfaWQiOiIyIiwiZW1haWwiOiJ0ZXN0LXVzZXJAdGVzdC5jb20ifQ.Pr-x1QGLFmENJxvTD-mwOr4Di8KVpF5eQ3uaz0_pdb8
2025-04-04 14:38:44,258 - app - INFO - Token (first 20 chars): eyJhbGciOiJIUzI1NiIs
2025-04-04 14:38:44,258 - app - INFO - Current user ID from token: 2
2025-04-04 14:38:44,258 - app - INFO - Type of user ID: <class 'str'>
2025-04-04 14:38:44,259 - app - INFO - === Garden Beds Response ===
2025-04-04 14:38:44,259 - app - INFO - Found 2 garden beds
2025-04-04 14:38:44,259 - app - INFO - === End of Request ===

2025-04-04 14:39:09,587 - app - DEBUG - Checking if token is revoked for identity: 2
2025-04-04 14:39:09,587 - app - INFO - 
=== Garden Beds Request Received ===
2025-04-04 14:39:09,587 - app - INFO - Authorization header: Bearer eyJhbGciOiJIUzI1NiIsInR5cCI6IkpXVCJ9.eyJmcmVzaCI6ZmFsc2UsImlhdCI6MTc0Mzc5MTczMiwianRpIjoiNmMxNDk4NzQtNTM5NC00MWUyLWE4NWQtYjA1ZTQ3NDNiNjBjIiwidHlwZSI6ImFjY2VzcyIsInN1YiI6IjIiLCJuYmYiOjE3NDM3OTE3MzIsImNzcmYiOiJhZjZkY2U2OS04YjRhLTQ2YWUtOGMzMC1lYWU5YjFmZmMyYTgiLCJleHAiOjE3NDM3OTI2MzIsInVzZXJfaWQiOiIyIiwiZW1haWwiOiJ0ZXN0LXVzZXJAdGVzdC5jb20ifQ.Pr-x1QGLFmENJxvTD-mwOr4Di8KVpF5eQ3uaz0_pdb8
2025-04-04 14:39:09,587 - app - INFO - Token (first 20 chars): eyJhbGciOiJIUzI1NiIs
2025-04-04 14:39:09,587 - app - INFO - Current user ID from token: 2
2025-04-04 14:39:09,587 - app - INFO - Type of user ID: <class 'str'>
2025-04-04 14:39:09,588 - app - INFO - === Garden Beds Response ===
2025-04-04 14:39:09,588 - app - INFO - Found 2 garden beds
2025-04-04 14:39:09,588 - app - INFO - === End of Request ===

2025-04-04 14:39:14,300 - app - DEBUG - Checking if token is revoked for identity: 2
2025-04-04 14:39:14,300 - app - INFO - User 2 attempting to update garden bed ID 1
2025-04-04 14:39:14,301 - app - DEBUG - Checking ownership for bed ID 1: Bed owner ID = 2 (type: <class 'int'>), Current user ID = 2 (type: <class 'str'>)
2025-04-04 14:39:14,307 - app - INFO - Garden bed ID 1 updated successfully by user 2
2025-04-04 14:39:24,840 - app - DEBUG - Checking if token is revoked for identity: 2
2025-04-04 14:39:24,840 - app - INFO - 
=== Garden Beds Request Received ===
2025-04-04 14:39:24,840 - app - INFO - Authorization header: Bearer eyJhbGciOiJIUzI1NiIsInR5cCI6IkpXVCJ9.eyJmcmVzaCI6ZmFsc2UsImlhdCI6MTc0Mzc5MTczMiwianRpIjoiNmMxNDk4NzQtNTM5NC00MWUyLWE4NWQtYjA1ZTQ3NDNiNjBjIiwidHlwZSI6ImFjY2VzcyIsInN1YiI6IjIiLCJuYmYiOjE3NDM3OTE3MzIsImNzcmYiOiJhZjZkY2U2OS04YjRhLTQ2YWUtOGMzMC1lYWU5YjFmZmMyYTgiLCJleHAiOjE3NDM3OTI2MzIsInVzZXJfaWQiOiIyIiwiZW1haWwiOiJ0ZXN0LXVzZXJAdGVzdC5jb20ifQ.Pr-x1QGLFmENJxvTD-mwOr4Di8KVpF5eQ3uaz0_pdb8
2025-04-04 14:39:24,841 - app - INFO - Token (first 20 chars): eyJhbGciOiJIUzI1NiIs
2025-04-04 14:39:24,841 - app - INFO - Current user ID from token: 2
2025-04-04 14:39:24,841 - app - INFO - Type of user ID: <class 'str'>
2025-04-04 14:39:24,842 - app - INFO - === Garden Beds Response ===
2025-04-04 14:39:24,842 - app - INFO - Found 2 garden beds
2025-04-04 14:39:24,842 - app - INFO - === End of Request ===

2025-04-04 14:39:27,672 - app - DEBUG - Checking if token is revoked for identity: 2
2025-04-04 14:39:27,672 - app - INFO - 
=== Garden Beds Request Received ===
2025-04-04 14:39:27,672 - app - INFO - Authorization header: Bearer eyJhbGciOiJIUzI1NiIsInR5cCI6IkpXVCJ9.eyJmcmVzaCI6ZmFsc2UsImlhdCI6MTc0Mzc5MTczMiwianRpIjoiNmMxNDk4NzQtNTM5NC00MWUyLWE4NWQtYjA1ZTQ3NDNiNjBjIiwidHlwZSI6ImFjY2VzcyIsInN1YiI6IjIiLCJuYmYiOjE3NDM3OTE3MzIsImNzcmYiOiJhZjZkY2U2OS04YjRhLTQ2YWUtOGMzMC1lYWU5YjFmZmMyYTgiLCJleHAiOjE3NDM3OTI2MzIsInVzZXJfaWQiOiIyIiwiZW1haWwiOiJ0ZXN0LXVzZXJAdGVzdC5jb20ifQ.Pr-x1QGLFmENJxvTD-mwOr4Di8KVpF5eQ3uaz0_pdb8
2025-04-04 14:39:27,672 - app - INFO - Token (first 20 chars): eyJhbGciOiJIUzI1NiIs
2025-04-04 14:39:27,672 - app - INFO - Current user ID from token: 2
2025-04-04 14:39:27,672 - app - INFO - Type of user ID: <class 'str'>
2025-04-04 14:39:27,673 - app - INFO - === Garden Beds Response ===
2025-04-04 14:39:27,673 - app - INFO - Found 2 garden beds
2025-04-04 14:39:27,673 - app - INFO - === End of Request ===

2025-04-04 14:39:35,858 - app - DEBUG - Checking if token is revoked for identity: 2
2025-04-04 14:39:35,859 - app - INFO - 
=== Garden Beds Request Received ===
2025-04-04 14:39:35,859 - app - INFO - Authorization header: Bearer eyJhbGciOiJIUzI1NiIsInR5cCI6IkpXVCJ9.eyJmcmVzaCI6ZmFsc2UsImlhdCI6MTc0Mzc5MTczMiwianRpIjoiNmMxNDk4NzQtNTM5NC00MWUyLWE4NWQtYjA1ZTQ3NDNiNjBjIiwidHlwZSI6ImFjY2VzcyIsInN1YiI6IjIiLCJuYmYiOjE3NDM3OTE3MzIsImNzcmYiOiJhZjZkY2U2OS04YjRhLTQ2YWUtOGMzMC1lYWU5YjFmZmMyYTgiLCJleHAiOjE3NDM3OTI2MzIsInVzZXJfaWQiOiIyIiwiZW1haWwiOiJ0ZXN0LXVzZXJAdGVzdC5jb20ifQ.Pr-x1QGLFmENJxvTD-mwOr4Di8KVpF5eQ3uaz0_pdb8
2025-04-04 14:39:35,859 - app - INFO - Token (first 20 chars): eyJhbGciOiJIUzI1NiIs
2025-04-04 14:39:35,859 - app - INFO - Current user ID from token: 2
2025-04-04 14:39:35,859 - app - INFO - Type of user ID: <class 'str'>
2025-04-04 14:39:35,860 - app - INFO - === Garden Beds Response ===
2025-04-04 14:39:35,860 - app - INFO - Found 2 garden beds
2025-04-04 14:39:35,860 - app - INFO - === End of Request ===

2025-04-04 14:40:09,261 - app - DEBUG - Checking if token is revoked for identity: 2
2025-04-04 14:40:09,261 - app - INFO - 
=== Garden Beds Request Received ===
2025-04-04 14:40:09,261 - app - INFO - Authorization header: Bearer eyJhbGciOiJIUzI1NiIsInR5cCI6IkpXVCJ9.eyJmcmVzaCI6ZmFsc2UsImlhdCI6MTc0Mzc5MTczMiwianRpIjoiNmMxNDk4NzQtNTM5NC00MWUyLWE4NWQtYjA1ZTQ3NDNiNjBjIiwidHlwZSI6ImFjY2VzcyIsInN1YiI6IjIiLCJuYmYiOjE3NDM3OTE3MzIsImNzcmYiOiJhZjZkY2U2OS04YjRhLTQ2YWUtOGMzMC1lYWU5YjFmZmMyYTgiLCJleHAiOjE3NDM3OTI2MzIsInVzZXJfaWQiOiIyIiwiZW1haWwiOiJ0ZXN0LXVzZXJAdGVzdC5jb20ifQ.Pr-x1QGLFmENJxvTD-mwOr4Di8KVpF5eQ3uaz0_pdb8
2025-04-04 14:40:09,261 - app - INFO - Token (first 20 chars): eyJhbGciOiJIUzI1NiIs
2025-04-04 14:40:09,261 - app - INFO - Current user ID from token: 2
2025-04-04 14:40:09,261 - app - INFO - Type of user ID: <class 'str'>
2025-04-04 14:40:09,264 - app - INFO - === Garden Beds Response ===
2025-04-04 14:40:09,264 - app - INFO - Found 2 garden beds
2025-04-04 14:40:09,264 - app - INFO - === End of Request ===

2025-04-04 14:40:16,645 - app - DEBUG - Checking if token is revoked for identity: 2
2025-04-04 14:40:16,645 - app - INFO - 
=== Garden Beds Request Received ===
2025-04-04 14:40:16,645 - app - INFO - Authorization header: Bearer eyJhbGciOiJIUzI1NiIsInR5cCI6IkpXVCJ9.eyJmcmVzaCI6ZmFsc2UsImlhdCI6MTc0Mzc5MTczMiwianRpIjoiNmMxNDk4NzQtNTM5NC00MWUyLWE4NWQtYjA1ZTQ3NDNiNjBjIiwidHlwZSI6ImFjY2VzcyIsInN1YiI6IjIiLCJuYmYiOjE3NDM3OTE3MzIsImNzcmYiOiJhZjZkY2U2OS04YjRhLTQ2YWUtOGMzMC1lYWU5YjFmZmMyYTgiLCJleHAiOjE3NDM3OTI2MzIsInVzZXJfaWQiOiIyIiwiZW1haWwiOiJ0ZXN0LXVzZXJAdGVzdC5jb20ifQ.Pr-x1QGLFmENJxvTD-mwOr4Di8KVpF5eQ3uaz0_pdb8
2025-04-04 14:40:16,645 - app - INFO - Token (first 20 chars): eyJhbGciOiJIUzI1NiIs
2025-04-04 14:40:16,645 - app - INFO - Current user ID from token: 2
2025-04-04 14:40:16,645 - app - INFO - Type of user ID: <class 'str'>
2025-04-04 14:40:16,646 - app - INFO - === Garden Beds Response ===
2025-04-04 14:40:16,646 - app - INFO - Found 2 garden beds
2025-04-04 14:40:16,646 - app - INFO - === End of Request ===

2025-04-04 14:40:19,184 - app - DEBUG - Checking if token is revoked for identity: 2
2025-04-04 14:40:21,110 - app - DEBUG - Checking if token is revoked for identity: 2
2025-04-04 14:40:21,111 - app - INFO - 
=== Garden Beds Request Received ===
2025-04-04 14:40:21,111 - app - INFO - Authorization header: Bearer eyJhbGciOiJIUzI1NiIsInR5cCI6IkpXVCJ9.eyJmcmVzaCI6ZmFsc2UsImlhdCI6MTc0Mzc5MTczMiwianRpIjoiNmMxNDk4NzQtNTM5NC00MWUyLWE4NWQtYjA1ZTQ3NDNiNjBjIiwidHlwZSI6ImFjY2VzcyIsInN1YiI6IjIiLCJuYmYiOjE3NDM3OTE3MzIsImNzcmYiOiJhZjZkY2U2OS04YjRhLTQ2YWUtOGMzMC1lYWU5YjFmZmMyYTgiLCJleHAiOjE3NDM3OTI2MzIsInVzZXJfaWQiOiIyIiwiZW1haWwiOiJ0ZXN0LXVzZXJAdGVzdC5jb20ifQ.Pr-x1QGLFmENJxvTD-mwOr4Di8KVpF5eQ3uaz0_pdb8
2025-04-04 14:40:21,111 - app - INFO - Token (first 20 chars): eyJhbGciOiJIUzI1NiIs
2025-04-04 14:40:21,111 - app - INFO - Current user ID from token: 2
2025-04-04 14:40:21,111 - app - INFO - Type of user ID: <class 'str'>
2025-04-04 14:40:21,112 - app - INFO - === Garden Beds Response ===
2025-04-04 14:40:21,112 - app - INFO - Found 1 garden beds
2025-04-04 14:40:21,112 - app - INFO - === End of Request ===

2025-04-04 14:45:14,089 - app - DEBUG - Checking if token is revoked for identity: 2
2025-04-04 14:45:14,090 - app - INFO - 
=== Garden Beds Request Received ===
2025-04-04 14:45:14,090 - app - INFO - Authorization header: Bearer eyJhbGciOiJIUzI1NiIsInR5cCI6IkpXVCJ9.eyJmcmVzaCI6ZmFsc2UsImlhdCI6MTc0Mzc5MTczMiwianRpIjoiNmMxNDk4NzQtNTM5NC00MWUyLWE4NWQtYjA1ZTQ3NDNiNjBjIiwidHlwZSI6ImFjY2VzcyIsInN1YiI6IjIiLCJuYmYiOjE3NDM3OTE3MzIsImNzcmYiOiJhZjZkY2U2OS04YjRhLTQ2YWUtOGMzMC1lYWU5YjFmZmMyYTgiLCJleHAiOjE3NDM3OTI2MzIsInVzZXJfaWQiOiIyIiwiZW1haWwiOiJ0ZXN0LXVzZXJAdGVzdC5jb20ifQ.Pr-x1QGLFmENJxvTD-mwOr4Di8KVpF5eQ3uaz0_pdb8
2025-04-04 14:45:14,090 - app - INFO - Token (first 20 chars): eyJhbGciOiJIUzI1NiIs
2025-04-04 14:45:14,090 - app - INFO - Current user ID from token: 2
2025-04-04 14:45:14,090 - app - INFO - Type of user ID: <class 'str'>
2025-04-04 14:45:14,099 - app - INFO - === Garden Beds Response ===
2025-04-04 14:45:14,099 - app - INFO - Found 1 garden beds
2025-04-04 14:45:14,099 - app - INFO - === End of Request ===

2025-04-04 14:45:17,435 - app - INFO - Successfully created JWT token with identity: 2
2025-04-04 14:45:17,455 - app - DEBUG - Checking if token is revoked for identity: 2
2025-04-04 14:45:17,455 - app - INFO - 
=== Garden Beds Request Received ===
2025-04-04 14:45:17,455 - app - INFO - Authorization header: Bearer eyJhbGciOiJIUzI1NiIsInR5cCI6IkpXVCJ9.eyJmcmVzaCI6ZmFsc2UsImlhdCI6MTc0Mzc5MjMxNywianRpIjoiNTdmZTBkZDMtZDk5NS00NzU3LTg2ZDUtN2ViMWZlMDRmOTk1IiwidHlwZSI6ImFjY2VzcyIsInN1YiI6IjIiLCJuYmYiOjE3NDM3OTIzMTcsImNzcmYiOiI2OTk0MjQ4ZS02Y2IyLTRmNzYtOTYxYi1mYWFlNWU3NGQ1YTQiLCJleHAiOjE3NDM3OTMyMTcsInVzZXJfaWQiOiIyIiwiZW1haWwiOiJ0ZXN0LXVzZXJAdGVzdC5jb20ifQ.fGHW8n8B-YxErwH4Npbq-d1K8B71vOQfhcDlJnLI0kE
2025-04-04 14:45:17,455 - app - INFO - Token (first 20 chars): eyJhbGciOiJIUzI1NiIs
2025-04-04 14:45:17,455 - app - INFO - Current user ID from token: 2
2025-04-04 14:45:17,455 - app - INFO - Type of user ID: <class 'str'>
2025-04-04 14:45:17,456 - app - INFO - === Garden Beds Response ===
2025-04-04 14:45:17,456 - app - INFO - Found 1 garden beds
2025-04-04 14:45:17,456 - app - INFO - === End of Request ===

2025-04-04 14:46:03,249 - app - DEBUG - Checking if token is revoked for identity: 2
2025-04-04 14:46:03,249 - app - INFO - 
=== Garden Beds Request Received ===
2025-04-04 14:46:03,249 - app - INFO - Authorization header: Bearer eyJhbGciOiJIUzI1NiIsInR5cCI6IkpXVCJ9.eyJmcmVzaCI6ZmFsc2UsImlhdCI6MTc0Mzc5MjMxNywianRpIjoiNTdmZTBkZDMtZDk5NS00NzU3LTg2ZDUtN2ViMWZlMDRmOTk1IiwidHlwZSI6ImFjY2VzcyIsInN1YiI6IjIiLCJuYmYiOjE3NDM3OTIzMTcsImNzcmYiOiI2OTk0MjQ4ZS02Y2IyLTRmNzYtOTYxYi1mYWFlNWU3NGQ1YTQiLCJleHAiOjE3NDM3OTMyMTcsInVzZXJfaWQiOiIyIiwiZW1haWwiOiJ0ZXN0LXVzZXJAdGVzdC5jb20ifQ.fGHW8n8B-YxErwH4Npbq-d1K8B71vOQfhcDlJnLI0kE
2025-04-04 14:46:03,249 - app - INFO - Token (first 20 chars): eyJhbGciOiJIUzI1NiIs
2025-04-04 14:46:03,249 - app - INFO - Current user ID from token: 2
2025-04-04 14:46:03,249 - app - INFO - Type of user ID: <class 'str'>
2025-04-04 14:46:03,250 - app - INFO - === Garden Beds Response ===
2025-04-04 14:46:03,250 - app - INFO - Found 1 garden beds
2025-04-04 14:46:03,250 - app - INFO - === End of Request ===

2025-04-04 14:46:18,240 - app - DEBUG - Checking if token is revoked for identity: 2
2025-04-04 14:46:18,240 - app - INFO - 
=== Garden Beds Request Received ===
2025-04-04 14:46:18,240 - app - INFO - Authorization header: Bearer eyJhbGciOiJIUzI1NiIsInR5cCI6IkpXVCJ9.eyJmcmVzaCI6ZmFsc2UsImlhdCI6MTc0Mzc5MjMxNywianRpIjoiNTdmZTBkZDMtZDk5NS00NzU3LTg2ZDUtN2ViMWZlMDRmOTk1IiwidHlwZSI6ImFjY2VzcyIsInN1YiI6IjIiLCJuYmYiOjE3NDM3OTIzMTcsImNzcmYiOiI2OTk0MjQ4ZS02Y2IyLTRmNzYtOTYxYi1mYWFlNWU3NGQ1YTQiLCJleHAiOjE3NDM3OTMyMTcsInVzZXJfaWQiOiIyIiwiZW1haWwiOiJ0ZXN0LXVzZXJAdGVzdC5jb20ifQ.fGHW8n8B-YxErwH4Npbq-d1K8B71vOQfhcDlJnLI0kE
2025-04-04 14:46:18,240 - app - INFO - Token (first 20 chars): eyJhbGciOiJIUzI1NiIs
2025-04-04 14:46:18,240 - app - INFO - Current user ID from token: 2
2025-04-04 14:46:18,240 - app - INFO - Type of user ID: <class 'str'>
2025-04-04 14:46:18,242 - app - INFO - === Garden Beds Response ===
2025-04-04 14:46:18,242 - app - INFO - Found 1 garden beds
2025-04-04 14:46:18,242 - app - INFO - === End of Request ===

2025-04-04 14:46:22,542 - app - DEBUG - Checking if token is revoked for identity: 2
2025-04-04 14:46:22,543 - app - INFO - User 2 attempting to update garden bed ID 2
2025-04-04 14:46:22,544 - app - DEBUG - Checking ownership for bed ID 2: Bed owner ID = 2 (type: <class 'int'>), Current user ID = 2 (type: <class 'str'>)
2025-04-04 14:46:22,551 - app - INFO - Garden bed ID 2 updated successfully by user 2
2025-04-04 14:46:29,388 - app - DEBUG - Checking if token is revoked for identity: 2
2025-04-04 14:46:29,394 - app - INFO - Created new garden bed for user 2
2025-04-04 14:46:37,085 - app - DEBUG - Checking if token is revoked for identity: 2
2025-04-04 14:46:37,090 - app - INFO - Created new garden bed for user 2
2025-04-04 14:46:39,058 - app - DEBUG - Checking if token is revoked for identity: 2
2025-04-04 14:46:39,059 - app - INFO - 
=== Garden Beds Request Received ===
2025-04-04 14:46:39,059 - app - INFO - Authorization header: Bearer eyJhbGciOiJIUzI1NiIsInR5cCI6IkpXVCJ9.eyJmcmVzaCI6ZmFsc2UsImlhdCI6MTc0Mzc5MjMxNywianRpIjoiNTdmZTBkZDMtZDk5NS00NzU3LTg2ZDUtN2ViMWZlMDRmOTk1IiwidHlwZSI6ImFjY2VzcyIsInN1YiI6IjIiLCJuYmYiOjE3NDM3OTIzMTcsImNzcmYiOiI2OTk0MjQ4ZS02Y2IyLTRmNzYtOTYxYi1mYWFlNWU3NGQ1YTQiLCJleHAiOjE3NDM3OTMyMTcsInVzZXJfaWQiOiIyIiwiZW1haWwiOiJ0ZXN0LXVzZXJAdGVzdC5jb20ifQ.fGHW8n8B-YxErwH4Npbq-d1K8B71vOQfhcDlJnLI0kE
2025-04-04 14:46:39,059 - app - INFO - Token (first 20 chars): eyJhbGciOiJIUzI1NiIs
2025-04-04 14:46:39,059 - app - INFO - Current user ID from token: 2
2025-04-04 14:46:39,059 - app - INFO - Type of user ID: <class 'str'>
2025-04-04 14:46:39,061 - app - INFO - === Garden Beds Response ===
2025-04-04 14:46:39,061 - app - INFO - Found 3 garden beds
2025-04-04 14:46:39,061 - app - INFO - === End of Request ===

2025-04-04 14:46:46,231 - app - DEBUG - Checking if token is revoked for identity: 2
2025-04-04 14:46:46,231 - app - INFO - User 2 attempting to update garden bed ID 3
2025-04-04 14:46:46,232 - app - DEBUG - Checking ownership for bed ID 3: Bed owner ID = 2 (type: <class 'int'>), Current user ID = 2 (type: <class 'str'>)
2025-04-04 14:46:46,238 - app - INFO - Garden bed ID 3 updated successfully by user 2
